Сборка начата 15.05.2023 18:12:44.
Уровень детализации журнала: Normal.     1>Проект "C:\ПОИТ\АиСД\Лаб 6\Лаб 6\Лаб 6.vcxproj" в узле 2 (целевые объекты Build).
     1>InitializeBuildStatus:
         Обращение к "Debug\Лаб 6.tlog\unsuccessfulbuild".
       ClCompile:
         C:\Program Files (x86)\Microsoft Visual Studio\2019\Community\VC\Tools\MSVC\14.29.30133\bin\HostX86\x86\CL.exe /c /ZI /JMC /nologo /W3 /WX- /diagnostics:column /sdl /Od /Oy- /D WIN32 /D _DEBUG /D _CONSOLE /D _UNICODE /D UNICODE /Gm- /EHsc /RTC1 /MDd /GS /fp:precise /permissive- /Zc:wchar_t /Zc:forScope /Zc:inline /Fo"Debug\\" /Fd"Debug\vc142.pdb" /external:W3 /Gd /TP /analyze- /FC /errorReport:prompt Lab_06.cpp
         Lab_06.cpp
     1>C:\ПОИТ\АиСД\Лаб 6\Лаб 6\Lab_06.cpp(14,20): warning C4018: <: несоответствие типов со знаком и без знака
     1>C:\ПОИТ\АиСД\Лаб 6\Лаб 6\Lab_06.cpp(15,21): warning C4018: <: несоответствие типов со знаком и без знака
       Link:
         C:\Program Files (x86)\Microsoft Visual Studio\2019\Community\VC\Tools\MSVC\14.29.30133\bin\HostX86\x86\link.exe /ERRORREPORT:PROMPT /OUT:"C:\ПОИТ\АиСД\Лаб 6\Debug\Лаб 6.exe" /INCREMENTAL /ILK:"Debug\Лаб 6.ilk" /NOLOGO kernel32.lib user32.lib gdi32.lib winspool.lib comdlg32.lib advapi32.lib shell32.lib ole32.lib oleaut32.lib uuid.lib odbc32.lib odbccp32.lib /MANIFEST /MANIFESTUAC:"level='asInvoker' uiAccess='false'" /manifest:embed /DEBUG /PDB:"C:\ПОИТ\АиСД\Лаб 6\Debug\Лаб 6.pdb" /SUBSYSTEM:CONSOLE /TLBID:1 /DYNAMICBASE /NXCOMPAT /IMPLIB:"C:\ПОИТ\АиСД\Лаб 6\Debug\Лаб 6.lib" /MACHINE:X86 Debug\Lab_06.obj
         Лаб 6.vcxproj -> C:\ПОИТ\АиСД\Лаб 6\Debug\Лаб 6.exe
       FinalizeBuildStatus:
         Файл "Debug\Лаб 6.tlog\unsuccessfulbuild" удаляется.
         Обращение к "Debug\Лаб 6.tlog\Лаб 6.lastbuildstate".
     1>Сборка проекта "C:\ПОИТ\АиСД\Лаб 6\Лаб 6\Лаб 6.vcxproj" завершена (целевые объекты Build).

Сборка успешно завершена.

       "C:\ПОИТ\АиСД\Лаб 6\Лаб 6\Лаб 6.vcxproj" (целевой объект Build ) (1) ->
       (Целевой объект ClCompile) -> 
         C:\ПОИТ\АиСД\Лаб 6\Лаб 6\Lab_06.cpp(14,20): warning C4018: <: несоответствие типов со знаком и без знака
         C:\ПОИТ\АиСД\Лаб 6\Лаб 6\Lab_06.cpp(15,21): warning C4018: <: несоответствие типов со знаком и без знака

    Предупреждений: 2
    Ошибок: 0

Прошло времени 00:00:01.06
