Сборка начата 15.05.2023 20:41:59.
Уровень детализации журнала: Normal.     1>Проект "C:\ПОИТ\АиСД\Лаб 6\lab06\lab06\lab06.vcxproj" в узле 2 (целевые объекты Build).
     1>InitializeBuildStatus:
         Создание "Debug\lab06.tlog\unsuccessfulbuild", так как было задано "AlwaysCreate".
       ClCompile:
         C:\Program Files (x86)\Microsoft Visual Studio\2019\Community\VC\Tools\MSVC\14.29.30133\bin\HostX86\x86\CL.exe /c /ZI /JMC /nologo /W3 /WX- /diagnostics:column /sdl /Od /Oy- /D WIN32 /D _DEBUG /D _CONSOLE /D _UNICODE /D UNICODE /Gm- /EHsc /RTC1 /MDd /GS /fp:precise /permissive- /Zc:wchar_t /Zc:forScope /Zc:inline /Fo"Debug\\" /Fd"Debug\vc142.pdb" /external:W3 /Gd /TP /analyze- /FC /errorReport:prompt lab06.cpp
         lab06.cpp
     1>C:\ПОИТ\АиСД\Лаб 6\lab06\lab06\lab06.cpp(6,1): warning C4005: INT_MAX: изменение макроопределения
       C:\Program Files (x86)\Microsoft Visual Studio\2019\Community\VC\Tools\MSVC\14.29.30133\include\limits.h(36): message : см. предыдущее определение "INT_MAX"
       Link:
         C:\Program Files (x86)\Microsoft Visual Studio\2019\Community\VC\Tools\MSVC\14.29.30133\bin\HostX86\x86\link.exe /ERRORREPORT:PROMPT /OUT:"C:\ПОИТ\АиСД\Лаб 6\lab06\Debug\lab06.exe" /INCREMENTAL /ILK:"Debug\lab06.ilk" /NOLOGO kernel32.lib user32.lib gdi32.lib winspool.lib comdlg32.lib advapi32.lib shell32.lib ole32.lib oleaut32.lib uuid.lib odbc32.lib odbccp32.lib /MANIFEST /MANIFESTUAC:"level='asInvoker' uiAccess='false'" /manifest:embed /DEBUG /PDB:"C:\ПОИТ\АиСД\Лаб 6\lab06\Debug\lab06.pdb" /SUBSYSTEM:CONSOLE /TLBID:1 /DYNAMICBASE /NXCOMPAT /IMPLIB:"C:\ПОИТ\АиСД\Лаб 6\lab06\Debug\lab06.lib" /MACHINE:X86 Debug\lab06.obj
         lab06.vcxproj -> C:\ПОИТ\АиСД\Лаб 6\lab06\Debug\lab06.exe
       FinalizeBuildStatus:
         Файл "Debug\lab06.tlog\unsuccessfulbuild" удаляется.
         Обращение к "Debug\lab06.tlog\lab06.lastbuildstate".
     1>Сборка проекта "C:\ПОИТ\АиСД\Лаб 6\lab06\lab06\lab06.vcxproj" завершена (целевые объекты Build).

Сборка успешно завершена.

       "C:\ПОИТ\АиСД\Лаб 6\lab06\lab06\lab06.vcxproj" (целевой объект Build ) (1) ->
       (Целевой объект ClCompile) -> 
         C:\ПОИТ\АиСД\Лаб 6\lab06\lab06\lab06.cpp(6,1): warning C4005: INT_MAX: изменение макроопределения

    Предупреждений: 1
    Ошибок: 0

Прошло времени 00:00:01.47
